<?xml version="1.0" encoding="UTF-8"?>
<testng-results skipped="0" failed="0" ignored="0" total="2" passed="2">
  <reporter-output>
  </reporter-output>
  <suite name="Default suite" duration-ms="9978" started-at="2020-09-26T15:44:31Z" finished-at="2020-09-26T15:44:41Z">
    <groups>
    </groups>
    <test name="Default test" duration-ms="9978" started-at="2020-09-26T15:44:31Z" finished-at="2020-09-26T15:44:41Z">
      <class name="First_DataDriver.Login">
        <test-method status="PASS" signature="AccessData()[pri:0, instance:First_DataDriver.Login@6328d34a]" name="AccessData" duration-ms="4212" started-at="2020-09-26T21:14:32Z" finished-at="2020-09-26T21:14:36Z">
          <reporter-output>
          </reporter-output>
        </test-method> <!-- AccessData -->
        <test-method status="PASS" signature="EnterData()[pri:1, instance:First_DataDriver.Login@6328d34a]" name="EnterData" duration-ms="2340" started-at="2020-09-26T21:14:36Z" finished-at="2020-09-26T21:14:38Z">
          <reporter-output>
          </reporter-output>
        </test-method> <!-- EnterData -->
        <test-method status="PASS" signature="closewindow()[pri:0, instance:First_DataDriver.Login@6328d34a]" name="closewindow" is-config="true" duration-ms="3380" started-at="2020-09-26T21:14:38Z" finished-at="2020-09-26T21:14:41Z">
          <reporter-output>
          </reporter-output>
        </test-method> <!-- closewindow -->
      </class> <!-- First_DataDriver.Login -->
    </test> <!-- Default test -->
  </suite> <!-- Default suite -->
</testng-results>
